Determining if the pthread_create exist failed with the following output:
Change Dir: /home/csmajs/ibhan003/lab-05---composite-pattern-smuku004-ibhan003-lab5/CMakeFiles/CMakeTmp

Run Build Command:/opt/rh/devtoolset-6/root/usr/bin/gmake "cmTryCompileExec590112965/fast"
/opt/rh/devtoolset-6/root/usr/bin/gmake -f CMakeFiles/cmTryCompileExec590112965.dir/build.make CMakeFiles/cmTryCompileExec590112965.dir/build
gmake[1]: Entering directory '/home/csmajs/ibhan003/lab-05---composite-pattern-smuku004-ibhan003-lab5/CMakeFiles/CMakeTmp'
/usr/bin/cmake -E cmake_progress_report /home/csmajs/ibhan003/lab-05---composite-pattern-smuku004-ibhan003-lab5/CMakeFiles/CMakeTmp/CMakeFiles 1
Building C object CMakeFiles/cmTryCompileExec590112965.dir/CheckSymbolExists.c.o
/opt/rh/devtoolset-6/root/usr/bin/cc    -o CMakeFiles/cmTryCompileExec590112965.dir/CheckSymbolExists.c.o   -c /home/csmajs/ibhan003/lab-05---composite-pattern-smuku004-ibhan003-lab5/CMakeFiles/CMakeTmp/CheckSymbolExists.c
Linking C executable cmTryCompileExec590112965
/usr/bin/cmake -E cmake_link_script CMakeFiles/cmTryCompileExec590112965.dir/link.txt --verbose=1
/opt/rh/devtoolset-6/root/usr/bin/cc       CMakeFiles/cmTryCompileExec590112965.dir/CheckSymbolExists.c.o  -o cmTryCompileExec590112965 -rdynamic 
CMakeFiles/cmTryCompileExec590112965.dir/CheckSymbolExists.c.o: In function `main':
CheckSymbolExists.c:(.text+0x16): undefined reference to `pthread_create'
collect2: error: ld returned 1 exit status
CMakeFiles/cmTryCompileExec590112965.dir/build.make:91: recipe for target 'cmTryCompileExec590112965' failed
gmake[1]: Leaving directory '/home/csmajs/ibhan003/lab-05---composite-pattern-smuku004-ibhan003-lab5/CMakeFiles/CMakeTmp'
gmake[1]: *** [cmTryCompileExec590112965] Error 1
Makefile:117: recipe for target 'cmTryCompileExec590112965/fast' failed
gmake: *** [cmTryCompileExec590112965/fast] Error 2

File /home/csmajs/ibhan003/lab-05---composite-pattern-smuku004-ibhan003-lab5/CMakeFiles/CMakeTmp/CheckSymbolExists.c:
/* */
#include <pthread.h>

int main(int argc, char** argv)
{
  (void)argv;
#ifndef pthread_create
  return ((int*)(&pthread_create))[argc];
#else
  (void)argc;
  return 0;
#endif
}

Determining if the function pthread_create exists in the pthreads failed with the following output:
Change Dir: /home/csmajs/ibhan003/lab-05---composite-pattern-smuku004-ibhan003-lab5/CMakeFiles/CMakeTmp

Run Build Command:/opt/rh/devtoolset-6/root/usr/bin/gmake "cmTryCompileExec1997780307/fast"
/opt/rh/devtoolset-6/root/usr/bin/gmake -f CMakeFiles/cmTryCompileExec1997780307.dir/build.make CMakeFiles/cmTryCompileExec1997780307.dir/build
gmake[1]: Entering directory '/home/csmajs/ibhan003/lab-05---composite-pattern-smuku004-ibhan003-lab5/CMakeFiles/CMakeTmp'
/usr/bin/cmake -E cmake_progress_report /home/csmajs/ibhan003/lab-05---composite-pattern-smuku004-ibhan003-lab5/CMakeFiles/CMakeTmp/CMakeFiles 1
Building C object CMakeFiles/cmTryCompileExec1997780307.dir/CheckFunctionExists.c.o
/opt/rh/devtoolset-6/root/usr/bin/cc   -DCHECK_FUNCTION_EXISTS=pthread_create   -o CMakeFiles/cmTryCompileExec1997780307.dir/CheckFunctionExists.c.o   -c /usr/share/cmake/Modules/CheckFunctionExists.c
Linking C executable cmTryCompileExec1997780307
/usr/bin/cmake -E cmake_link_script CMakeFiles/cmTryCompileExec1997780307.dir/link.txt --verbose=1
/opt/rh/devtoolset-6/root/usr/bin/cc   -DCHECK_FUNCTION_EXISTS=pthread_create    CMakeFiles/cmTryCompileExec1997780307.dir/CheckFunctionExists.c.o  -o cmTryCompileExec1997780307 -rdynamic -lpthreads 
/opt/rh/devtoolset-6/root/usr/libexec/gcc/x86_64-redhat-linux/6.3.1/ld: cannot find -lpthreads
collect2: error: ld returned 1 exit status
CMakeFiles/cmTryCompileExec1997780307.dir/build.make:91: recipe for target 'cmTryCompileExec1997780307' failed
gmake[1]: Leaving directory '/home/csmajs/ibhan003/lab-05---composite-pattern-smuku004-ibhan003-lab5/CMakeFiles/CMakeTmp'
gmake[1]: *** [cmTryCompileExec1997780307] Error 1
Makefile:117: recipe for target 'cmTryCompileExec1997780307/fast' failed
gmake: *** [cmTryCompileExec1997780307/fast] Error 2


